<?xml version="1.0" encoding="UTF-8"?>
<testng-results ignored="0" total="1" passed="1" failed="0" skipped="0">
  <reporter-output>
  </reporter-output>
  <suite started-at="2020-03-23T12:00:11Z" name="Default suite" finished-at="2020-03-23T12:01:16Z" duration-ms="65022">
    <groups>
    </groups>
    <test started-at="2020-03-23T12:00:11Z" name="Default test" finished-at="2020-03-23T12:01:16Z" duration-ms="65022">
      <class name="com.augmento.testcases.ListManager_ListLibraryPageTest">
        <test-method is-config="true" signature="setUp()[pri:0, instance:com.augmento.testcases.ListManager_ListLibraryPageTest@4bd31064]" started-at="2020-03-23T17:30:12Z" name="setUp" finished-at="2020-03-23T17:30:45Z" duration-ms="32708" status="PASS">
          <reporter-output>
          </reporter-output>
        </test-method> <!-- setUp -->
        <test-method signature="createSegment(java.lang.String, java.lang.String, java.lang.String, java.lang.String, java.lang.String, java.lang.String, java.lang.String, java.lang.String, java.lang.String, java.lang.String, java.lang.String, java.lang.String, java.lang.String, java.lang.String)[pri:0, instance:com.augmento.testcases.ListManager_ListLibraryPageTest@4bd31064]" started-at="2020-03-23T17:30:45Z" name="createSegment" data-provider="getexceldata" finished-at="2020-03-23T17:31:16Z" duration-ms="31600" status="PASS">
          <params>
            <param index="0">
              <value>
                <![CDATA[Segment]]>
              </value>
            </param>
            <param index="1">
              <value>
                <![CDATA[Delete Lists]]>
              </value>
            </param>
            <param index="2">
              <value>
                <![CDATA[289]]>
              </value>
            </param>
            <param index="3">
              <value>
                <![CDATA[CSV]]>
              </value>
            </param>
            <param index="4">
              <value>
                <![CDATA[Comma]]>
              </value>
            </param>
            <param index="5">
              <value>
                <![CDATA[286]]>
              </value>
            </param>
            <param index="6">
              <value>
                <![CDATA[NewList678]]>
              </value>
            </param>
            <param index="7">
              <value>
                <![CDATA[ListSeg1]]>
              </value>
            </param>
            <param index="8">
              <value>
                <![CDATA[Test]]>
              </value>
            </param>
            <param index="9">
              <value>
                <![CDATA[294]]>
              </value>
            </param>
            <param index="10">
              <value>
                <![CDATA[List]]>
              </value>
            </param>
            <param index="11">
              <value>
                <![CDATA[Email]]>
              </value>
            </param>
            <param index="12">
              <value>
                <![CDATA[contains]]>
              </value>
            </param>
            <param index="13">
              <value>
                <![CDATA[gmail.com]]>
              </value>
            </param>
          </params>
          <reporter-output>
          </reporter-output>
        </test-method> <!-- createSegment -->
        <test-method is-config="true" signature="tearDownMethod(org.testng.ITestResult)[pri:0, instance:com.augmento.testcases.ListManager_ListLibraryPageTest@4bd31064]" started-at="2020-03-23T17:31:16Z" name="tearDownMethod" finished-at="2020-03-23T17:31:16Z" duration-ms="1" status="PASS">
          <params>
            <param index="0">
              <value>
                <![CDATA[[TestResult name=createSegment status=SUCCESS method=ListManager_ListLibraryPageTest.createSegment(java.lang.String, java.lang.String, java.lang.String, java.lang.String, java.lang.String, java.lang.String, java.lang.String, java.lang.String, java.lang.String, java.lang.String, java.lang.String, java.lang.String, java.lang.String, java.lang.String)[pri:0, instance:com.augmento.testcases.ListManager_ListLibraryPageTest@4bd31064] output={null}]]]>
              </value>
            </param>
          </params>
          <reporter-output>
          </reporter-output>
        </test-method> <!-- tearDownMethod -->
      </class> <!-- com.augmento.testcases.ListManager_ListLibraryPageTest -->
    </test> <!-- Default test -->
  </suite> <!-- Default suite -->
</testng-results>
